<?xml version="1.0" encoding="UTF-8"?><testsuites errors="1" failures="1" skipped="1" tests="4" time="0.6"><testsuite errors="0" failures="1" name="suite 1" skipped="1" tests="3" time="0.5"><testcase name="Passed test" time="0.3"><system-out>passing stdout</system-out></testcase><testcase name="Skipped test"><skipped/></testcase><testcase name="Failed test" time="0.2"><failure message="failing message">frame1
frame2
</failure><system-out>failing stdout</system-out><system-err>failing stderr</system-err></testcase></testsuite><testsuite errors="1" failures="0" name="suite 2" skipped="0" tests="1" time="0.1"><testcase name="Errored test" time="0.1"><error message="errored message">single error frame
</error><system-out>errored stdout</system-out><system-err>errored stderr</system-err></testcase></testsuite></testsuites>